<?xml version="1.0" encoding="UTF-8"?><testrun name="PersonaTest" project="PracticaBloque2" tests="8" started="0" failures="0" errors="1" ignored="0">
  <testsuite name="com.iescomercio.ed.bloque2.repaso.modelo.PersonaTest" incomplete="true" displayname="PersonaTest" uniqueid="[engine:junit-jupiter]/[class:com.iescomercio.ed.bloque2.repaso.modelo.PersonaTest]">
    <error>org.junit.platform.commons.JUnitException: @BeforeEach method 'static void com.iescomercio.ed.bloque2.repaso.modelo.PersonaTest.setUpBeforeClass() throws java.lang.Exception' must not be static.&#13;
	at org.junit.jupiter.engine.descriptor.LifecycleMethodUtils.assertNonStatic(LifecycleMethodUtils.java:65)&#13;
	at org.junit.jupiter.engine.descriptor.LifecycleMethodUtils.lambda$findMethodsAndAssertNonStatic$1(LifecycleMethodUtils.java:89)&#13;
	at java.base/java.util.ArrayList.forEach(ArrayList.java:1511)&#13;
	at java.base/java.util.Collections$UnmodifiableCollection.forEach(Collections.java:1092)&#13;
	at org.junit.jupiter.engine.descriptor.LifecycleMethodUtils.findMethodsAndAssertNonStatic(LifecycleMethodUtils.java:89)&#13;
	at org.junit.jupiter.engine.descriptor.LifecycleMethodUtils.findBeforeEachMethods(LifecycleMethodUtils.java:48)&#13;
	at org.junit.jupiter.engine.descriptor.ClassBasedTestDescriptor.registerBeforeEachMethodAdapters(ClassBasedTestDescriptor.java:464)&#13;
	at org.junit.jupiter.engine.descriptor.ClassBasedTestDescriptor.prepare(ClassBasedTestDescriptor.java:170)&#13;
	at org.junit.jupiter.engine.descriptor.ClassBasedTestDescriptor.prepare(ClassBasedTestDescriptor.java:80)&#13;
	at org.junit.platform.engine.support.hierarchical.NodeTestTask.lambda$prepare$2(NodeTestTask.java:123)&#13;
	at org.junit.platform.engine.support.hierarchical.ThrowableCollector.execute(ThrowableCollector.java:73)&#13;
	at org.junit.platform.engine.support.hierarchical.NodeTestTask.prepare(NodeTestTask.java:123)&#13;
	at org.junit.platform.engine.support.hierarchical.NodeTestTask.execute(NodeTestTask.java:90)&#13;
	at java.base/java.util.ArrayList.forEach(ArrayList.java:1511)&#13;
	at org.junit.platform.engine.support.hierarchical.SameThreadHierarchicalTestExecutorService.invokeAll(SameThreadHierarchicalTestExecutorService.java:41)&#13;
	at org.junit.platform.engine.support.hierarchical.NodeTestTask.lambda$executeRecursively$6(NodeTestTask.java:155)&#13;
	at org.junit.platform.engine.support.hierarchical.ThrowableCollector.execute(ThrowableCollector.java:73)&#13;
	at org.junit.platform.engine.support.hierarchical.NodeTestTask.lambda$executeRecursively$8(NodeTestTask.java:141)&#13;
	at org.junit.platform.engine.support.hierarchical.Node.around(Node.java:137)&#13;
	at org.junit.platform.engine.support.hierarchical.NodeTestTask.lambda$executeRecursively$9(NodeTestTask.java:139)&#13;
	at org.junit.platform.engine.support.hierarchical.ThrowableCollector.execute(ThrowableCollector.java:73)&#13;
	at org.junit.platform.engine.support.hierarchical.NodeTestTask.executeRecursively(NodeTestTask.java:138)&#13;
	at org.junit.platform.engine.support.hierarchical.NodeTestTask.execute(NodeTestTask.java:95)&#13;
	at org.junit.platform.engine.support.hierarchical.SameThreadHierarchicalTestExecutorService.submit(SameThreadHierarchicalTestExecutorService.java:35)&#13;
	at org.junit.platform.engine.support.hierarchical.HierarchicalTestExecutor.execute(HierarchicalTestExecutor.java:57)&#13;
	at org.junit.platform.engine.support.hierarchical.HierarchicalTestEngine.execute(HierarchicalTestEngine.java:54)&#13;
	at org.junit.platform.launcher.core.EngineExecutionOrchestrator.execute(EngineExecutionOrchestrator.java:107)&#13;
	at org.junit.platform.launcher.core.EngineExecutionOrchestrator.execute(EngineExecutionOrchestrator.java:88)&#13;
	at org.junit.platform.launcher.core.EngineExecutionOrchestrator.lambda$execute$0(EngineExecutionOrchestrator.java:54)&#13;
	at org.junit.platform.launcher.core.EngineExecutionOrchestrator.withInterceptedStreams(EngineExecutionOrchestrator.java:67)&#13;
	at org.junit.platform.launcher.core.EngineExecutionOrchestrator.execute(EngineExecutionOrchestrator.java:52)&#13;
	at org.junit.platform.launcher.core.DefaultLauncher.execute(DefaultLauncher.java:114)&#13;
	at org.junit.platform.launcher.core.DefaultLauncher.execute(DefaultLauncher.java:95)&#13;
	at org.junit.platform.launcher.core.DefaultLauncherSession$DelegatingLauncher.execute(DefaultLauncherSession.java:91)&#13;
	at org.junit.platform.launcher.core.SessionPerRequestLauncher.execute(SessionPerRequestLauncher.java:60)&#13;
	at org.eclipse.jdt.internal.junit5.runner.JUnit5TestReference.run(JUnit5TestReference.java:98)&#13;
	at org.eclipse.jdt.internal.junit.runner.TestExecution.run(TestExecution.java:40)&#13;
	at org.eclipse.jdt.internal.junit.runner.RemoteTestRunner.runTests(RemoteTestRunner.java:529)&#13;
	at org.eclipse.jdt.internal.junit.runner.RemoteTestRunner.runTests(RemoteTestRunner.java:756)&#13;
	at org.eclipse.jdt.internal.junit.runner.RemoteTestRunner.run(RemoteTestRunner.java:452)&#13;
	at org.eclipse.jdt.internal.junit.runner.RemoteTestRunner.main(RemoteTestRunner.java:210)&#13;
&#13;
</error>
    <testcase name="testPersona" classname="com.iescomercio.ed.bloque2.repaso.modelo.PersonaTest" incomplete="true" displayname="testPersona()" uniqueid="[engine:junit-jupiter]/[class:com.iescomercio.ed.bloque2.repaso.modelo.PersonaTest]/[method:testPersona()]"/>
    <testcase name="testSetApellido1" classname="com.iescomercio.ed.bloque2.repaso.modelo.PersonaTest" incomplete="true" displayname="testSetApellido1()" uniqueid="[engine:junit-jupiter]/[class:com.iescomercio.ed.bloque2.repaso.modelo.PersonaTest]/[method:testSetApellido1()]"/>
    <testcase name="testPersonaStringStringString" classname="com.iescomercio.ed.bloque2.repaso.modelo.PersonaTest" incomplete="true" displayname="testPersonaStringStringString()" uniqueid="[engine:junit-jupiter]/[class:com.iescomercio.ed.bloque2.repaso.modelo.PersonaTest]/[method:testPersonaStringStringString()]"/>
    <testcase name="testSetNombre" classname="com.iescomercio.ed.bloque2.repaso.modelo.PersonaTest" incomplete="true" displayname="testSetNombre()" uniqueid="[engine:junit-jupiter]/[class:com.iescomercio.ed.bloque2.repaso.modelo.PersonaTest]/[method:testSetNombre()]"/>
    <testcase name="testGetNombre" classname="com.iescomercio.ed.bloque2.repaso.modelo.PersonaTest" incomplete="true" displayname="testGetNombre()" uniqueid="[engine:junit-jupiter]/[class:com.iescomercio.ed.bloque2.repaso.modelo.PersonaTest]/[method:testGetNombre()]"/>
    <testcase name="testGetDni" classname="com.iescomercio.ed.bloque2.repaso.modelo.PersonaTest" incomplete="true" displayname="testGetDni()" uniqueid="[engine:junit-jupiter]/[class:com.iescomercio.ed.bloque2.repaso.modelo.PersonaTest]/[method:testGetDni()]"/>
    <testcase name="testSetDni" classname="com.iescomercio.ed.bloque2.repaso.modelo.PersonaTest" incomplete="true" displayname="testSetDni()" uniqueid="[engine:junit-jupiter]/[class:com.iescomercio.ed.bloque2.repaso.modelo.PersonaTest]/[method:testSetDni()]"/>
    <testcase name="testGetApellido1" classname="com.iescomercio.ed.bloque2.repaso.modelo.PersonaTest" incomplete="true" displayname="testGetApellido1()" uniqueid="[engine:junit-jupiter]/[class:com.iescomercio.ed.bloque2.repaso.modelo.PersonaTest]/[method:testGetApellido1()]"/>
  </testsuite>
</testrun>
